<?xml version="1.0" encoding="UTF-8"?>
<coverage generated="1766388572418" clover="3.2.0">
  <project timestamp="1766388572418" name="All files">
    <metrics statements="7" coveredstatements="7" conditionals="7" coveredconditionals="7" methods="2" coveredmethods="2" elements="16" coveredelements="16" complexity="0" loc="7" ncloc="7" packages="1" files="1" classes="1"/>
    <file name="fibonacci.ts" path="/Users/user/Desktop/study/test-vitest/src/utils/fibonacci.ts">
      <metrics statements="7" coveredstatements="7" conditionals="7" coveredconditionals="7" methods="2" coveredmethods="2"/>
      <line num="1" count="1" type="stmt"/>
      <line num="2" count="4" type="stmt"/>
      <line num="6" count="63" type="cond" truecount="5" falsecount="0"/>
      <line num="7" count="4" type="stmt"/>
      <line num="8" count="4" type="stmt"/>
      <line num="10" count="59" type="cond" truecount="2" falsecount="0"/>
      <line num="11" count="26" type="stmt"/>
    </file>
  </project>
</coverage>
